<<main:begin>>; 5822; running; 04/08/2017-12:36:57; <<main:begin>>; 5822
<<main:service:started>>; service; comando_1; start; 04/08/2017-12:36:57; 5822
<<main:service:started>>; service; comando_4; start; 04/08/2017-12:36:57; 5822
<<main:service:started>>; service; comando_7; start; 04/08/2017-12:36:57; 5822
<<main:service:started>>; service; comando_6; start; 04/08/2017-12:36:57; 5822
<<main:service:started>>; service; comando_5; start; 04/08/2017-12:36:57; 5822
<<main:service:started>>; service; comando_2; start; 04/08/2017-12:36:57; 5822
<<main:service:started>>; service; comando_3; start; 04/08/2017-12:36:57; 5822
<<service:executed>>; comando_6; repeat; running; 4; 1; 04/08/2017-12:36:57; 5822
<<service:executed>>; comando_1; date; running; 3; 04/08/2017-12:36:57; 5822
<<service:executed>>; comando_4; date; running; 4; 04/08/2017-12:36:57; 5822
<<service:executed>>; comando_3; repeat; running; 4; 1; 04/08/2017-12:36:57; 5822
<<service:executed>>; comando_2; repeat; running; 4; 5; 04/08/2017-12:36:57; 5822
<<service:executed>>; comando_6; repeat; running; 4; 1; 04/08/2017-12:37:57; 5822
<<service:executed>>; comando_4; date; running; 4; 04/08/2017-12:37:57; 5822
<<service:executed>>; comando_1; date; running; 3; 04/08/2017-12:37:57; 5822
<<service:executed>>; comando_3; repeat; running; 4; 1; 04/08/2017-12:37:57; 5822
<<service:executed>>; comando_6; repeat; running; 4; 1; 04/08/2017-12:38:57; 5822
<<service:executed>>; comando_1; date; running; 3; 04/08/2017-12:38:58; 5822
<<service:waiting>>; comando_1; date; waiting; 04/08/2017-12:38:58; 5822
<<service:executed>>; comando_3; repeat; running; 4; 1; 04/08/2017-12:38:58; 5822
<<service:executed>>; comando_4; date; running; 4; 04/08/2017-12:38:58; 5822
<<service:executed>>; comando_6; repeat; running; 4; 1; 04/08/2017-12:39:57; 5822
<<main:service:deleted>>; service; comando_6; stop; 04/08/2017-12:39:58; 5822
<<service:executed>>; comando_4; date; running; 4; 04/08/2017-12:39:58; 5822
<<service:waiting>>; comando_4; date; waiting; 04/08/2017-12:39:58; 5822
<<service:executed>>; comando_3; repeat; running; 4; 1; 04/08/2017-12:39:58; 5822
<<main:service:stopped>>; service; comando_3; stop; 04/08/2017-12:39:59; 5822
<<service:executed>>; comando_7; date; running; -1; 04/08/2017-12:40:27; 5822
<<service:executed>>; comando_2; repeat; running; 4; 5; 04/08/2017-12:41:57; 5822
<<service:executed>>; comando_7; date; running; -1; 04/08/2017-12:45:27; 5822
<<service:executed>>; comando_2; repeat; running; 4; 5; 04/08/2017-12:46:58; 5822
<<service:executed>>; comando_2; repeat; running; 4; 5; 04/08/2017-12:51:58; 5822
<<main:service:deleted>>; service; comando_2; stop; 04/08/2017-12:51:59; 5822
<<service:executed>>; comando_5; date; running; -1; 04/08/2017-13:10:29; 5822
<<service:executed>>; comando_5; date; running; -1; 04/08/2017-13:15:29; 5822
<<service:executed>>; comando_5; date; running; -1; 04/08/2017-13:20:29; 5822
<<service:executed>>; comando_5; date; running; -1; 04/08/2017-13:25:00; 5822
<<service:executed>>; comando_5; date; running; -1; 04/08/2017-13:30:00; 5822
<<service:executed>>; comando_7; date; running; 4; 04/08/2017-13:30:29; 5822
<<service:executed>>; comando_7; date; running; 4; 04/08/2017-13:35:29; 5822
<<service:executed>>; comando_7; date; running; 4; 04/08/2017-13:40:00; 5822
<<service:executed>>; comando_7; date; running; 4; 04/08/2017-13:45:00; 5822
<<service:waiting>>; comando_7; waitting; 04/08/2017-13:45:00; 5822
<<main:service:deleted>>; service; comando_7; wait; 04/08/2017-13:45:00; 5822
<<main:stopped>>; 5822; stop; 04/08/2017-14:05:07; 5822
